c:\users\sephe\desktop\conways-game-of-life-04-2023-sephensmothers-main\conways-game-of-life-04-2023-sephensmothers-main\gameoflife\x64\debug\vc143.pdb
c:\users\sephe\desktop\conways-game-of-life-04-2023-sephensmothers-main\conways-game-of-life-04-2023-sephensmothers-main\gameoflife\x64\debug\vc143.idb
c:\users\sephe\desktop\conways-game-of-life-04-2023-sephensmothers-main\conways-game-of-life-04-2023-sephensmothers-main\gameoflife\x64\debug\mainwindow.obj
c:\users\sephe\desktop\conways-game-of-life-04-2023-sephensmothers-main\conways-game-of-life-04-2023-sephensmothers-main\gameoflife\x64\debug\drawingpanel.obj
c:\users\sephe\desktop\conways-game-of-life-04-2023-sephensmothers-main\conways-game-of-life-04-2023-sephensmothers-main\gameoflife\x64\debug\dialog.obj
c:\users\sephe\desktop\conways-game-of-life-04-2023-sephensmothers-main\conways-game-of-life-04-2023-sephensmothers-main\gameoflife\x64\debug\app.obj
c:\users\sephe\desktop\conways-game-of-life-04-2023-sephensmothers-main\conways-game-of-life-04-2023-sephensmothers-main\x64\debug\gameoflife.exe
c:\users\sephe\desktop\conways-game-of-life-04-2023-sephensmothers-main\conways-game-of-life-04-2023-sephensmothers-main\gameoflife\x64\debug\gameoflife.ilk
c:\users\sephe\desktop\conways-game-of-life-04-2023-sephensmothers-main\conways-game-of-life-04-2023-sephensmothers-main\x64\debug\gameoflife.pdb
c:\users\sephe\desktop\fs classes\programing\projectportfolio1\conways-game-of-life-04-2023-sephensmothers-main\conways-game-of-life-04-2023-sephensmothers-main\gameoflife\x64\debug\app.obj
c:\users\sephe\desktop\fs classes\programing\projectportfolio1\conways-game-of-life-04-2023-sephensmothers-main\conways-game-of-life-04-2023-sephensmothers-main\gameoflife\x64\debug\dialog.obj
c:\users\sephe\desktop\fs classes\programing\projectportfolio1\conways-game-of-life-04-2023-sephensmothers-main\conways-game-of-life-04-2023-sephensmothers-main\gameoflife\x64\debug\drawingpanel.obj
c:\users\sephe\desktop\fs classes\programing\projectportfolio1\conways-game-of-life-04-2023-sephensmothers-main\conways-game-of-life-04-2023-sephensmothers-main\gameoflife\x64\debug\mainwindow.obj
c:\users\sephe\desktop\fs classes\programing\projectportfolio1\conways-game-of-life-04-2023-sephensmothers-main\conways-game-of-life-04-2023-sephensmothers-main\gameoflife\x64\debug\gameoflife.ilk
c:\users\sephe\desktop\fs classes\programing\projectportfolio1\conways-game-of-life-04-2023-sephensmothers-main\conways-game-of-life-04-2023-sephensmothers-main\gameoflife\x64\debug\vc143.idb
c:\users\sephe\desktop\fs classes\programing\projectportfolio1\conways-game-of-life-04-2023-sephensmothers-main\conways-game-of-life-04-2023-sephensmothers-main\gameoflife\x64\debug\vc143.pdb
c:\users\sephe\desktop\fs classes\programing\projectportfolio1\conways-game-of-life-04-2023-sephensmothers-main\conways-game-of-life-04-2023-sephensmothers-main\x64\debug\gameoflife.pdb
c:\users\sephe\desktop\fs classes\programing\projectportfolio1\conways-game-of-life-04-2023-sephensmothers-main\conways-game-of-life-04-2023-sephensmothers-main\x64\debug\gameoflife.exe
c:\users\sephe\desktop\fs classes\programing\projectportfolio1\conways-game-of-life-04-2023-sephensmothers-main\conways-game-of-life-04-2023-sephensmothers-main\gameoflife\x64\debug\gameoflife.tlog\cl.command.1.tlog
c:\users\sephe\desktop\fs classes\programing\projectportfolio1\conways-game-of-life-04-2023-sephensmothers-main\conways-game-of-life-04-2023-sephensmothers-main\gameoflife\x64\debug\gameoflife.tlog\cl.read.1.tlog
c:\users\sephe\desktop\fs classes\programing\projectportfolio1\conways-game-of-life-04-2023-sephensmothers-main\conways-game-of-life-04-2023-sephensmothers-main\gameoflife\x64\debug\gameoflife.tlog\cl.write.1.tlog
c:\users\sephe\desktop\fs classes\programing\projectportfolio1\conways-game-of-life-04-2023-sephensmothers-main\conways-game-of-life-04-2023-sephensmothers-main\gameoflife\x64\debug\gameoflife.tlog\link.command.1.tlog
c:\users\sephe\desktop\fs classes\programing\projectportfolio1\conways-game-of-life-04-2023-sephensmothers-main\conways-game-of-life-04-2023-sephensmothers-main\gameoflife\x64\debug\gameoflife.tlog\link.read.1.tlog
c:\users\sephe\desktop\fs classes\programing\projectportfolio1\conways-game-of-life-04-2023-sephensmothers-main\conways-game-of-life-04-2023-sephensmothers-main\gameoflife\x64\debug\gameoflife.tlog\link.write.1.tlog
